C51 COMPILER V9.60.7.0   DLYMS                                                             10/16/2024 14:21:14 PAGE 1   


C51 COMPILER V9.60.7.0, COMPILATION OF MODULE DLYMS
OBJECT MODULE PLACED IN .\Objects\dlyMs.obj
COMPILER INVOKED BY: C:\Keil_v5\C51\BIN\C51.EXE dlyMs.c OPTIMIZE(8,SPEED) BROWSE DEBUG OBJECTEXTEND PRINT(.\Listings\dly
                    -Ms.lst) TABS(2) OBJECT(.\Objects\dlyMs.obj)

line level    source

   1          #include "types.h"
   2          
   3          void dlyMs(u16 dlyMS)
   4          {
   5   1        u16 i;
   6   1        for(;dlyMS>0;dlyMS--)
   7   1        {
   8   2          for(i=122;i>0;i--);
   9   2        }  
  10   1      }


MODULE INFORMATION:   STATIC OVERLAYABLE
   CODE SIZE        =     30    ----
   CONSTANT SIZE    =   ----    ----
   XDATA SIZE       =   ----    ----
   PDATA SIZE       =   ----    ----
   DATA SIZE        =   ----    ----
   IDATA SIZE       =   ----    ----
   BIT SIZE         =   ----    ----
END OF MODULE INFORMATION.


C51 COMPILATION COMPLETE.  0 WARNING(S),  0 ERROR(S)
