C51 COMPILER V9.60.0.0   _DELAY_MS                                                         09/17/2021 22:04:39 PAGE 1   


C51 COMPILER V9.60.0.0, COMPILATION OF MODULE _DELAY_MS
OBJECT MODULE PLACED IN .\Objects\_delay_ms.obj
COMPILER INVOKED BY: C:\Keil_v5\C51\BIN\C51.EXE _delay_ms.c OPTIMIZE(8,SPEED) BROWSE DEBUG OBJECTEXTEND PRINT(.\Listings
                    -\_delay_ms.lst) TABS(2) OBJECT(.\Objects\_delay_ms.obj)

line level    source

   1          #include "_types.h"
   2          void _delay_ms(_U16 dly)
   3          {
   4   1        _U16 i;
   5   1        for(;dly>0;dly--)
   6   1        {
   7   2          for(i=122;i>0;i--);
   8   2        }
   9   1      }


MODULE INFORMATION:   STATIC OVERLAYABLE
   CODE SIZE        =     30    ----
   CONSTANT SIZE    =   ----    ----
   XDATA SIZE       =   ----    ----
   PDATA SIZE       =   ----    ----
   DATA SIZE        =   ----    ----
   IDATA SIZE       =   ----    ----
   BIT SIZE         =   ----    ----
END OF MODULE INFORMATION.


C51 COMPILATION COMPLETE.  0 WARNING(S),  0 ERROR(S)
