C51 COMPILER V9.60.0.0   _KEYPAD_DEFINES                                                   09/17/2021 22:04:40 PAGE 1   


C51 COMPILER V9.60.0.0, COMPILATION OF MODULE _KEYPAD_DEFINES
OBJECT MODULE PLACED IN .\Objects\_keypad_defines.obj
COMPILER INVOKED BY: C:\Keil_v5\C51\BIN\C51.EXE _keypad_defines.c OPTIMIZE(8,SPEED) BROWSE DEBUG OBJECTEXTEND PRINT(.\Li
                    -stings\_keypad_defines.lst) TABS(2) OBJECT(.\Objects\_keypad_defines.obj)

line level    source

   1          #include <reg51.h>
   2          #include "_types.h"
   3          #include "_delay_ms.h"
   4          
   5          sbit R0=P2^0;
   6          sbit R1=P2^1;
   7          sbit R2=P2^2;
   8          sbit R3=P2^3;
   9          sbit C0=P2^4;
  10          sbit C1=P2^5;
  11          sbit C2=P2^6;
  12          sbit C3=P2^7;
  13          
  14          const _U8 keypad_data[4][4]={'7','8','9','A',
  15                                     '4','5','6','B',
  16                                     '1','2','3','C',
  17                                     '*','0','#','D'};
  18          
  19          _U8 keypad(_U8 z)
  20          {
  21   1        
  22   1        _U8 r,c;
  23   1        R0=R1=R2=R3=0;
  24   1        C0=C1=C2=C3=1;
  25   1        while(C0&&C1&&C2&&C3)
  26   1          if(z==' ') return z;
  27   1        
  28   1        R0=0; R1=R2=R3=1;
  29   1        if(!(C0&&C1&&C2&&C3))
  30   1        {
  31   2          r=0;
  32   2          goto NEXT;
  33   2        }
  34   1        R1=0; R0=1;
  35   1        if(!(C0&&C1&&C2&&C3))
  36   1        {
  37   2          r=1;
  38   2          goto NEXT;
  39   2        }
  40   1        R2=0; R1=1;
  41   1        if(!(C0&&C1&&C2&&C3))
  42   1        {
  43   2          r=2;
  44   2          goto NEXT;
  45   2        }
  46   1        R3=0; R2=1;
  47   1        if(!(C0&&C1&&C2&&C3))
  48   1        {
  49   2          r=3;
  50   2          goto NEXT;
  51   2        }
  52   1        NEXT:
  53   1        if(C0==0) c=0;
  54   1        else if(C1==0) c=1;
C51 COMPILER V9.60.0.0   _KEYPAD_DEFINES                                                   09/17/2021 22:04:40 PAGE 2   

  55   1        else if(C2==0) c=2;
  56   1        else if(C3==0) c=3;
  57   1        while(!(C0&&C1&&C2&&C3))
  58   1        if(z==' ') return keypad_data[r][c];    
  59   1        return keypad_data[r][c];
  60   1      }


MODULE INFORMATION:   STATIC OVERLAYABLE
   CODE SIZE        =    169    ----
   CONSTANT SIZE    =   ----    ----
   XDATA SIZE       =   ----    ----
   PDATA SIZE       =   ----    ----
   DATA SIZE        =     16    ----
   IDATA SIZE       =   ----    ----
   BIT SIZE         =   ----    ----
END OF MODULE INFORMATION.


C51 COMPILATION COMPLETE.  0 WARNING(S),  0 ERROR(S)
