C51 COMPILER V9.60.0.0   _LCD_DEFINES                                                      09/17/2021 22:04:41 PAGE 1   


C51 COMPILER V9.60.0.0, COMPILATION OF MODULE _LCD_DEFINES
OBJECT MODULE PLACED IN .\Objects\_lcd_defines.obj
COMPILER INVOKED BY: C:\Keil_v5\C51\BIN\C51.EXE _lcd_defines.c OPTIMIZE(8,SPEED) BROWSE DEBUG OBJECTEXTEND PRINT(.\Listi
                    -ngs\_lcd_defines.lst) TABS(2) OBJECT(.\Objects\_lcd_defines.obj)

line level    source

   1          #include <reg51.h>
   2          #include "_types.h"
   3          #include "_delay_ms.h"
   4          #include "_lcd_headers.h"
   5          #define LCD P0
   6          
   7          sbit RS=P3^0;
   8          sbit RW=P3^1;
   9          sbit EN=P3^3;
  10          _U8 str[3];
  11          _U8 s;
  12          
  13          void _lcd_init()
  14          {
  15   1        _delay_ms(15);
  16   1        _write_cmd(0x30);
  17   1        _delay_ms(5);
  18   1        _write_cmd(0x30);
  19   1        _delay_ms(1);
  20   1        _write_cmd(0x30);
  21   1        _delay_ms(1);
  22   1        _write_cmd(0x38);
  23   1        _write_cmd(0x10);
  24   1        _write_cmd(0x01);
  25   1        _write_cmd(0x06);
  26   1        _write_cmd(0x0c);
  27   1      }
  28          
  29          void _write_cmd(_U8 c)
  30          {
  31   1        LCD=c;
  32   1        RS=0;
  33   1        RW=0;
  34   1        EN=1;
  35   1        _delay_ms(1);
  36   1        EN=0;
  37   1      }
  38          
  39          void _write_data(_U8 c)
  40          {
  41   1        LCD=c;
  42   1        RS=1;
  43   1        RW=0;
  44   1        EN=1;
  45   1        _delay_ms(1);
  46   1        EN=0;
  47   1      }
  48          
  49          void _lcd_stringData(_U8 *str)
  50          {
  51   1        while(*str)
  52   1          _write_data(*str++);
  53   1      }
  54          
C51 COMPILER V9.60.0.0   _LCD_DEFINES                                                      09/17/2021 22:04:41 PAGE 2   

  55          void _lcd_intData(_U8 n)
  56          {
  57   1         s=0;
  58   1         while(n)
  59   1         {
  60   2           str[s++]=(n%10)+48;
  61   2           n=n/10;
  62   2         }
  63   1         while(s)
  64   1         {
  65   2           _write_data(str[--s]);
  66   2         } 
  67   1      }
  68          
  69          void _lcd_floatData(_F32 value)
  70          {
  71   1         _U8 n=value;
  72   1        _lcd_intData(n);
  73   1        s=2;
  74   1        _write_data('.');
  75   1        n=value;
  76   1        while(s)
  77   1        {
  78   2          value=(value-n)*10;
  79   2          n=value;
  80   2          _write_data(n+48);
  81   2          s--;
  82   2        }
  83   1      }


MODULE INFORMATION:   STATIC OVERLAYABLE
   CODE SIZE        =    295    ----
   CONSTANT SIZE    =   ----    ----
   XDATA SIZE       =   ----    ----
   PDATA SIZE       =   ----    ----
   DATA SIZE        =      4       8
   IDATA SIZE       =   ----    ----
   BIT SIZE         =   ----    ----
END OF MODULE INFORMATION.


C51 COMPILATION COMPLETE.  0 WARNING(S),  0 ERROR(S)
