C51 COMPILER V9.60.7.0   DLYMS                                                             12/14/2024 20:52:33 PAGE 1   


C51 COMPILER V9.60.7.0, COMPILATION OF MODULE DLYMS
OBJECT MODULE PLACED IN .\Objects\dlyMs.obj
COMPILER INVOKED BY: C:\Keil_v5\C51\BIN\C51.EXE dlyMs.c OPTIMIZE(8,SPEED) BROWSE DEBUG OBJECTEXTEND PRINT(.\Listings\dly
                    -Ms.lst) TABS(2) OBJECT(.\Objects\dlyMs.obj)

line level    source

   1          #include "types.h"
   2          void dlyMs(u16 dly)
   3          {
   4   1        u16 i;
   5   1        for(;dly>0;dly--)
   6   1        {
   7   2          for(i=122;i>0;i--);
   8   2        }
   9   1      }


MODULE INFORMATION:   STATIC OVERLAYABLE
   CODE SIZE        =     30    ----
   CONSTANT SIZE    =   ----    ----
   XDATA SIZE       =   ----    ----
   PDATA SIZE       =   ----    ----
   DATA SIZE        =   ----    ----
   IDATA SIZE       =   ----    ----
   BIT SIZE         =   ----    ----
END OF MODULE INFORMATION.


C51 COMPILATION COMPLETE.  0 WARNING(S),  0 ERROR(S)
