C51 COMPILER V9.60.7.0   KEYPADDRIVERS                                                     12/14/2024 20:52:34 PAGE 1   


C51 COMPILER V9.60.7.0, COMPILATION OF MODULE KEYPADDRIVERS
OBJECT MODULE PLACED IN .\Objects\keypadDrivers.obj
COMPILER INVOKED BY: C:\Keil_v5\C51\BIN\C51.EXE keypadDrivers.c OPTIMIZE(8,SPEED) BROWSE DEBUG OBJECTEXTEND PRINT(.\List
                    -ings\keypadDrivers.lst) TABS(2) OBJECT(.\Objects\keypadDrivers.obj)

line level    source

   1          #include <reg51.h>
   2          #include "types.h"
   3          #include "dlyMs.h"
   4          
   5          sbit R0=P2^0;
   6          sbit R1=P2^1;
   7          sbit R2=P2^2;
   8          sbit R3=P2^3;
   9          sbit C0=P2^4;
  10          sbit C1=P2^5;
  11          sbit C2=P2^6;
  12          sbit C3=P2^7;
  13          
  14          const u8 keypad_data[4][4]={ '7', '8', '9', 'A',
  15                                       '4', '5', '6', 'B',
  16                                       '1', '2', '3', 'C',
  17                                       '*', '0', '#', 'D'
  18                                     };
  19          
  20          u8 keypad(u8 z)
  21          {
  22   1        
  23   1        u8 r,c;
  24   1        R0=R1=R2=R3=0;
  25   1        C0=C1=C2=C3=1;
  26   1        while(C0&&C1&&C2&&C3)
  27   1          if(z==' ') return z;
  28   1        
  29   1        R0=0; R1=R2=R3=1;
  30   1        if(!(C0&&C1&&C2&&C3))
  31   1        {
  32   2          r=0;
  33   2          goto NEXT;
  34   2        }
  35   1        R1=0; R0=1;
  36   1        if(!(C0&&C1&&C2&&C3))
  37   1        {
  38   2          r=1;
  39   2          goto NEXT;
  40   2        }
  41   1        R2=0; R1=1;
  42   1        if(!(C0&&C1&&C2&&C3))
  43   1        {
  44   2          r=2;
  45   2          goto NEXT;
  46   2        }
  47   1        R3=0; R2=1;
  48   1        if(!(C0&&C1&&C2&&C3))
  49   1        {
  50   2          r=3;
  51   2          goto NEXT;
  52   2        }
  53   1        NEXT:
  54   1        if(C0==0) c=0;
C51 COMPILER V9.60.7.0   KEYPADDRIVERS                                                     12/14/2024 20:52:34 PAGE 2   

  55   1        else if(C1==0) c=1;
  56   1        else if(C2==0) c=2;
  57   1        else if(C3==0) c=3;
  58   1        while(!(C0&&C1&&C2&&C3))
  59   1        if(z==' ') return keypad_data[r][c];    
  60   1        return keypad_data[r][c];
  61   1      }


MODULE INFORMATION:   STATIC OVERLAYABLE
   CODE SIZE        =    169    ----
   CONSTANT SIZE    =   ----    ----
   XDATA SIZE       =   ----    ----
   PDATA SIZE       =   ----    ----
   DATA SIZE        =     16    ----
   IDATA SIZE       =   ----    ----
   BIT SIZE         =   ----    ----
END OF MODULE INFORMATION.


C51 COMPILATION COMPLETE.  0 WARNING(S),  0 ERROR(S)
