C51 COMPILER V9.60.7.0   LCDDRIVERS                                                        12/14/2024 20:52:34 PAGE 1   


C51 COMPILER V9.60.7.0, COMPILATION OF MODULE LCDDRIVERS
OBJECT MODULE PLACED IN .\Objects\lcdDrivers.obj
COMPILER INVOKED BY: C:\Keil_v5\C51\BIN\C51.EXE lcdDrivers.c OPTIMIZE(8,SPEED) BROWSE DEBUG OBJECTEXTEND PRINT(.\Listing
                    -s\lcdDrivers.lst) TABS(2) OBJECT(.\Objects\lcdDrivers.obj)

line level    source

   1          #include <reg51.h>
   2          #include "types.h"
   3          #include "dlyMs.h"
   4          #include "lcdHeaders.h"
   5          #define LCD P0
   6          
   7          sbit RS=P3^0;
   8          sbit RW=P3^1;
   9          sbit EN=P3^3;
  10          u8 str[3];
  11          u8 s;
  12          
  13          void lcd_init(void)
  14          {
  15   1        dlyMs(15);
  16   1        write_cmd(0x30);
  17   1        dlyMs(5);
  18   1        write_cmd(0x30);
  19   1        dlyMs(1);
  20   1        write_cmd(0x30);
  21   1        dlyMs(1);
  22   1        write_cmd(0x38);
  23   1        write_cmd(0x10);
  24   1        write_cmd(0x01);
  25   1        write_cmd(0x06);
  26   1        write_cmd(0x0c);
  27   1      }
  28          
  29          void write_cmd(u8 c)
  30          {
  31   1        LCD=c;
  32   1        RS=0;
  33   1        RW=0;
  34   1        EN=1;
  35   1        dlyMs(1);
  36   1        EN=0;
  37   1      }
  38          
  39          void write_data(u8 c)
  40          {
  41   1        LCD=c;
  42   1        RS=1;
  43   1        RW=0;
  44   1        EN=1;
  45   1        dlyMs(1);
  46   1        EN=0;
  47   1      }
  48          
  49          void lcd_stringData(u8 *str)
  50          {
  51   1        while(*str)
  52   1          write_data(*str++);
  53   1      }
  54          
C51 COMPILER V9.60.7.0   LCDDRIVERS                                                        12/14/2024 20:52:34 PAGE 2   

  55          void lcd_intData(u8 n)
  56          {
  57   1         s=0;
  58   1         while(n)
  59   1         {
  60   2           str[s++]=(n%10)+48;
  61   2           n=n/10;
  62   2         }
  63   1         while(s)
  64   1         {
  65   2           write_data(str[--s]);
  66   2         } 
  67   1      }
  68          
  69          void lcd_floatData(f32 value)
  70          {
  71   1         u8 n=value;
  72   1        lcd_intData(n);
  73   1        s=2;
  74   1        write_data('.');
  75   1        n=value;
  76   1        while(s)
  77   1        {
  78   2          value=(value-n)*10;
  79   2          n=value;
  80   2          write_data(n+48);
  81   2          s--;
  82   2        }
  83   1      }


MODULE INFORMATION:   STATIC OVERLAYABLE
   CODE SIZE        =    295    ----
   CONSTANT SIZE    =   ----    ----
   XDATA SIZE       =   ----    ----
   PDATA SIZE       =   ----    ----
   DATA SIZE        =      4       8
   IDATA SIZE       =   ----    ----
   BIT SIZE         =   ----    ----
END OF MODULE INFORMATION.


C51 COMPILATION COMPLETE.  0 WARNING(S),  0 ERROR(S)
